2025-07-24 23:04:24 INFO  o.h.validator.internal.util.Version [21] - HV000001: Hibernate Validator 8.0.1.Final
2025-07-24 23:04:25 INFO  c.m.MarciComentariosFacebookApplication [53] - Starting MarciComentariosFacebookApplication using Java 17.0.11 with PID 9732 (C:\Users\davic\OneDrive\Escritorio\PROYECTOS\TWS2\MARCIMEX\marci-comentarios-facebook\target\classes started by davic in C:\Users\davic\OneDrive\Escritorio\PROYECTOS\TWS2\MARCIMEX\marci-comentarios-facebook)
2025-07-24 23:04:25 INFO  c.m.MarciComentariosFacebookApplication [652] - No active profile set, falling back to 1 default profile: "default"
2025-07-24 23:04:26 INFO  o.s.d.r.c.RepositoryConfigurationDelegate [145] - Bootstrapping Spring Data Reactive MongoDB repositories in DEFAULT mode.
2025-07-24 23:04:26 INFO  o.s.d.r.c.RepositoryConfigurationDelegate [213] - Finished Spring Data repository scanning in 184 ms. Found 1 Reactive MongoDB repository interface.
2025-07-24 23:04:27 INFO  c.m.controllers.WebhookController [37] - ⏳ Suscribiendo a la página [763079420215588] al webhook: https://graph.facebook.com/v23.0/763079420215588/subscribed_apps?subscribed_fields=feed&access_token=EAAGjgTK34ZB0BPF7iJ7WLFZAeu51ls7gVu7LtrIKKUzgAcWZBg6NyMWb66DgJgeDEAKtTkjErhqFTF5opqAy9vCWf0xIGPFJJzQBYnS5ftHccTcX8CffMt8bIkLp3elPDBQtZAsPQlUVTVBjYNIZCZBbktxGdtRFMhvZCu2r52O9o1yOQlPKhHsKjJhG2UYHBW80ZC2YmM6W ...
2025-07-24 23:04:29 INFO  c.m.controllers.WebhookController [47] - ✅ Suscripción completada exitosamente para la página [763079420215588]. Respuesta: {"success":true}
2025-07-24 23:04:30 INFO  org.mongodb.driver.client [71] - MongoClient with metadata {"driver": {"name": "mongo-java-driver|reactive-streams|spring-boot", "version": "5.5.1"}, "os": {"type": "Windows", "name": "Windows 11", "architecture": "amd64", "version": "10.0"}, "platform": "Java/Oracle Corporation/17.0.11+7-LTS-jvmci-23.0-b34"} created with settings MongoClientSettings{readPreference=primary, writeConcern=WriteConcern{w=null, wTimeout=null ms, journal=null}, retryWrites=true, retryReads=true, readConcern=ReadConcern{level=null}, credential=null, transportSettings=NettyTransportSettings{eventLoopGroup=io.netty.channel.nio.NioEventLoopGroup@229cb4d8, socketChannelClass=null, allocator=null, sslContext=null}, commandListeners=[], codecRegistry=ProvidersCodecRegistry{codecProviders=[ValueCodecProvider{}, BsonValueCodecProvider{}, DBRefCodecProvider{}, DBObjectCodecProvider{}, DocumentCodecProvider{}, CollectionCodecProvider{}, IterableCodecProvider{}, MapCodecProvider{}, GeoJsonCodecProvider{}, GridFSFileCodecProvider{}, Jsr310CodecProvider{}, JsonObjectCodecProvider{}, BsonCodecProvider{}, EnumCodecProvider{}, com.mongodb.client.model.mql.ExpressionCodecProvider@76e9eed8, com.mongodb.Jep395RecordCodecProvider@30ef32eb, com.mongodb.KotlinCodecProvider@474619d9]}, loggerSettings=LoggerSettings{maxDocumentLength=1000}, clusterSettings={hosts=[localhost:27017], srvServiceName=mongodb, mode=SINGLE, requiredClusterType=UNKNOWN, requiredReplicaSetName='null', serverSelector='null', clusterListeners='[]', serverSelectionTimeout='30000 ms', localThreshold='15 ms'}, socketSettings=SocketSettings{connectTimeoutMS=10000, readTimeoutMS=0, receiveBufferSize=0, proxySettings=ProxySettings{host=null, port=null, username=null, password=null}}, heartbeatSocketSettings=SocketSettings{connectTimeoutMS=10000, readTimeoutMS=10000, receiveBufferSize=0, proxySettings=ProxySettings{host=null, port=null, username=null, password=null}}, connectionPoolSettings=ConnectionPoolSettings{maxSize=100, minSize=0, maxWaitTimeMS=120000, maxConnectionLifeTimeMS=0, maxConnectionIdleTimeMS=0, maintenanceInitialDelayMS=0, maintenanceFrequencyMS=60000, connectionPoolListeners=[], maxConnecting=2}, serverSettings=ServerSettings{heartbeatFrequencyMS=10000, minHeartbeatFrequencyMS=500, serverMonitoringMode=AUTO, serverListeners='[]', serverMonitorListeners='[]'}, sslSettings=SslSettings{enabled=false, invalidHostNameAllowed=false, context=null}, applicationName='null', compressorList=[], uuidRepresentation=JAVA_LEGACY, serverApi=null, autoEncryptionSettings=null, dnsClient=null, inetAddressResolver=null, contextProvider=null, timeoutMS=null}
2025-07-24 23:04:30 INFO  org.mongodb.driver.cluster [76] - Exception in monitor thread while connecting to server localhost:27017
com.mongodb.MongoSocketOpenException: Exception opening socket
	at com.mongodb.internal.connection.netty.NettyStream$OpenChannelFutureListener.lambda$operationComplete$1(NettyStream.java:534)
	at com.mongodb.internal.Locks.lambda$withLock$0(Locks.java:34)
	at com.mongodb.internal.Locks.checkedWithLock(Locks.java:61)
	at com.mongodb.internal.Locks.withLock(Locks.java:55)
	at com.mongodb.internal.Locks.withLock(Locks.java:33)
	at com.mongodb.internal.connection.netty.NettyStream$OpenChannelFutureListener.operationComplete(NettyStream.java:521)
	at com.mongodb.internal.connection.netty.NettyStream$OpenChannelFutureListener.operationComplete(NettyStream.java:504)
	at io.netty.util.concurrent.DefaultPromise.notifyListener0(DefaultPromise.java:603)
	at io.netty.util.concurrent.DefaultPromise.notifyListeners0(DefaultPromise.java:596)
	at io.netty.util.concurrent.DefaultPromise.notifyListenersNow(DefaultPromise.java:572)
	at io.netty.util.concurrent.DefaultPromise.notifyListeners(DefaultPromise.java:505)
	at io.netty.util.concurrent.DefaultPromise.setValue0(DefaultPromise.java:649)
	at io.netty.util.concurrent.DefaultPromise.setFailure0(DefaultPromise.java:642)
	at io.netty.util.concurrent.DefaultPromise.tryFailure(DefaultPromise.java:131)
	at io.netty.channel.nio.AbstractNioChannel$AbstractNioUnsafe.fulfillConnectPromise(AbstractNioChannel.java:326)
	at io.netty.channel.nio.AbstractNioChannel$AbstractNioUnsafe.finishConnect(AbstractNioChannel.java:342)
	at io.netty.channel.nio.NioEventLoop.processSelectedKey(NioEventLoop.java:784)
	at io.netty.channel.nio.NioEventLoop.processSelectedKeysOptimized(NioEventLoop.java:732)
	at io.netty.channel.nio.NioEventLoop.processSelectedKeys(NioEventLoop.java:658)
	at io.netty.channel.nio.NioEventLoop.run(NioEventLoop.java:562)
	at io.netty.util.concurrent.SingleThreadEventExecutor$4.run(SingleThreadEventExecutor.java:998)
	at io.netty.util.internal.ThreadExecutorMap$2.run(ThreadExecutorMap.java:74)
	at io.netty.util.concurrent.FastThreadLocalRunnable.run(FastThreadLocalRunnable.java:30)
	at java.base/java.lang.Thread.run(Thread.java:842)
Caused by: io.netty.channel.AbstractChannel$AnnotatedConnectException: Connection refused: no further information: localhost/[0:0:0:0:0:0:0:1]:27017
Caused by: java.net.ConnectException: Connection refused: no further information
	at java.base/sun.nio.ch.Net.pollConnect(Native Method)
	at java.base/sun.nio.ch.Net.pollConnectNow(Net.java:672)
	at java.base/sun.nio.ch.SocketChannelImpl.finishConnect(SocketChannelImpl.java:946)
	at io.netty.channel.socket.nio.NioSocketChannel.doFinishConnect(NioSocketChannel.java:336)
	at io.netty.channel.nio.AbstractNioChannel$AbstractNioUnsafe.finishConnect(AbstractNioChannel.java:339)
	at io.netty.channel.nio.NioEventLoop.processSelectedKey(NioEventLoop.java:784)
	at io.netty.channel.nio.NioEventLoop.processSelectedKeysOptimized(NioEventLoop.java:732)
	at io.netty.channel.nio.NioEventLoop.processSelectedKeys(NioEventLoop.java:658)
	at io.netty.channel.nio.NioEventLoop.run(NioEventLoop.java:562)
	at io.netty.util.concurrent.SingleThreadEventExecutor$4.run(SingleThreadEventExecutor.java:998)
	at io.netty.util.internal.ThreadExecutorMap$2.run(ThreadExecutorMap.java:74)
	at io.netty.util.concurrent.FastThreadLocalRunnable.run(FastThreadLocalRunnable.java:30)
	at java.base/java.lang.Thread.run(Thread.java:842)
2025-07-24 23:04:31 INFO  o.s.b.w.e.netty.NettyWebServer [126] - Netty started on port 8081 (http)
2025-07-24 23:04:31 INFO  c.m.MarciComentariosFacebookApplication [59] - Started MarciComentariosFacebookApplication in 6.94 seconds (process running for 13.038)
2025-07-24 23:06:17 INFO  o.s.b.w.e.netty.GracefulShutdown [53] - Commencing graceful shutdown. Waiting for active requests to complete
2025-07-24 23:06:17 INFO  o.s.b.w.e.netty.GracefulShutdown [62] - Graceful shutdown complete
