2025-07-17 14:34:59 INFO  o.h.validator.internal.util.Version [21] - HV000001: Hibernate Validator 8.0.1.Final
2025-07-17 14:34:59 INFO  c.m.MarciComentariosFacebookApplication [53] - Starting MarciComentariosFacebookApplication using Java 17.0.11 with PID 16260 (C:\Users\davic\OneDrive\Escritorio\PROYECTOS\TWS2\MARCIMEX\think-service-agent-consenso\lhia-service-agent-consenso\marci-comentarios-facebook\target\classes started by davic in C:\Users\davic\OneDrive\Escritorio\PROYECTOS\TWS2\MARCIMEX\think-service-agent-consenso\lhia-service-agent-consenso\marci-comentarios-facebook)
2025-07-17 14:34:59 INFO  c.m.MarciComentariosFacebookApplication [652] - No active profile set, falling back to 1 default profile: "default"
2025-07-17 14:35:00 INFO  o.s.d.r.c.RepositoryConfigurationDelegate [145] - Bootstrapping Spring Data Reactive MongoDB repositories in DEFAULT mode.
2025-07-17 14:35:00 INFO  o.s.d.r.c.RepositoryConfigurationDelegate [213] - Finished Spring Data repository scanning in 19 ms. Found 0 Reactive MongoDB repository interfaces.
2025-07-17 14:35:02 INFO  c.m.controllers.WebhookController [37] - ⏳ Suscribiendo a la página [763079420215588] al webhook: https://graph.facebook.com/v23.0/763079420215588/subscribed_apps?subscribed_fields=feed&access_token=EAAGjgTK34ZB0BPEB0x4rEmbh3rnBX3xO2ELNvUtUbYM1ZAPLNTQ13pAyrb1OuEZA5rRMyn4TsV3grBivZCr5PdKqqKNZC63lR9NzjiySg6vWCk3Xfek2ylqWTkwqLZCeoD0DLzsJt9inQMK2qdAWZANtpF8ZB5RBw4zyGC76dLqbLmlrUH9rxmmiLtfUa2C2LSeMwxD2bsBCVsN5ldA5JxpUalR2tiffZCKh3FVbtSqZA6sGsZD ...
2025-07-17 14:35:03 ERROR c.m.controllers.WebhookController [49] - ❌ Error al suscribirse
org.springframework.web.client.HttpClientErrorException$BadRequest: 400 Bad Request on POST request for "https://graph.facebook.com/v23.0/763079420215588/subscribed_apps": "{"error":{"message":"Error validating access token: Session has expired on Wednesday, 16-Jul-25 18:00:00 PDT. The current time is Thursday, 17-Jul-25 12:35:03 PDT.","type":"OAuthException","code":190,"error_subcode":463,"fbtrace_id":"A8eK2O4LgFbh5eSRiAIiy-v"}}"
	at org.springframework.web.client.HttpClientErrorException.create(HttpClientErrorException.java:103)
	at org.springframework.web.client.DefaultResponseErrorHandler.handleError(DefaultResponseErrorHandler.java:186)
	at org.springframework.web.client.DefaultResponseErrorHandler.handleError(DefaultResponseErrorHandler.java:147)
	at org.springframework.web.client.RestTemplate.handleResponse(RestTemplate.java:953)
	at org.springframework.web.client.RestTemplate.doExecute(RestTemplate.java:902)
	at org.springframework.web.client.RestTemplate.execute(RestTemplate.java:801)
	at org.springframework.web.client.RestTemplate.exchange(RestTemplate.java:683)
	at com.marcicomentariosfacebook.controllers.WebhookController.subscribeWebhook(WebhookController.java:45)
	at java.base/jdk.internal.reflect.NativeMethodAccessorImpl.invoke0(Native Method)
	at java.base/jdk.internal.reflect.NativeMethodAccessorImpl.invoke(NativeMethodAccessorImpl.java:77)
	at java.base/jdk.internal.reflect.DelegatingMethodAccessorImpl.invoke(DelegatingMethodAccessorImpl.java:43)
	at java.base/java.lang.reflect.Method.invoke(Method.java:568)
	at org.springframework.beans.factory.annotation.InitDestroyAnnotationBeanPostProcessor$LifecycleMethod.invoke(InitDestroyAnnotationBeanPostProcessor.java:457)
	at org.springframework.beans.factory.annotation.InitDestroyAnnotationBeanPostProcessor$LifecycleMetadata.invokeInitMethods(InitDestroyAnnotationBeanPostProcessor.java:401)
	at org.springframework.beans.factory.annotation.InitDestroyAnnotationBeanPostProcessor.postProcessBeforeInitialization(InitDestroyAnnotationBeanPostProcessor.java:219)
	at org.springframework.beans.factory.support.AbstractAutowireCapableBeanFactory.applyBeanPostProcessorsBeforeInitialization(AbstractAutowireCapableBeanFactory.java:429)
	at org.springframework.beans.factory.support.AbstractAutowireCapableBeanFactory.initializeBean(AbstractAutowireCapableBeanFactory.java:1818)
	at org.springframework.beans.factory.support.AbstractAutowireCapableBeanFactory.doCreateBean(AbstractAutowireCapableBeanFactory.java:607)
	at org.springframework.beans.factory.support.AbstractAutowireCapableBeanFactory.createBean(AbstractAutowireCapableBeanFactory.java:529)
	at org.springframework.beans.factory.support.AbstractBeanFactory.lambda$doGetBean$0(AbstractBeanFactory.java:339)
	at org.springframework.beans.factory.support.DefaultSingletonBeanRegistry.getSingleton(DefaultSingletonBeanRegistry.java:373)
	at org.springframework.beans.factory.support.AbstractBeanFactory.doGetBean(AbstractBeanFactory.java:337)
	at org.springframework.beans.factory.support.AbstractBeanFactory.getBean(AbstractBeanFactory.java:202)
	at org.springframework.beans.factory.support.DefaultListableBeanFactory.instantiateSingleton(DefaultListableBeanFactory.java:1222)
	at org.springframework.beans.factory.support.DefaultListableBeanFactory.preInstantiateSingleton(DefaultListableBeanFactory.java:1188)
	at org.springframework.beans.factory.support.DefaultListableBeanFactory.preInstantiateSingletons(DefaultListableBeanFactory.java:1123)
	at org.springframework.context.support.AbstractApplicationContext.finishBeanFactoryInitialization(AbstractApplicationContext.java:987)
	at org.springframework.context.support.AbstractApplicationContext.refresh(AbstractApplicationContext.java:627)
	at org.springframework.boot.web.reactive.context.ReactiveWebServerApplicationContext.refresh(ReactiveWebServerApplicationContext.java:66)
	at org.springframework.boot.SpringApplication.refresh(SpringApplication.java:752)
	at org.springframework.boot.SpringApplication.refreshContext(SpringApplication.java:439)
	at org.springframework.boot.SpringApplication.run(SpringApplication.java:318)
	at org.springframework.boot.SpringApplication.run(SpringApplication.java:1361)
	at org.springframework.boot.SpringApplication.run(SpringApplication.java:1350)
	at com.marcicomentariosfacebook.MarciComentariosFacebookApplication.main(MarciComentariosFacebookApplication.java:10)
2025-07-17 14:35:05 INFO  org.mongodb.driver.client [71] - MongoClient with metadata {"driver": {"name": "mongo-java-driver|reactive-streams|spring-boot", "version": "5.5.1"}, "os": {"type": "Windows", "name": "Windows 11", "architecture": "amd64", "version": "10.0"}, "platform": "Java/Oracle Corporation/17.0.11+7-LTS-jvmci-23.0-b34"} created with settings MongoClientSettings{readPreference=primary, writeConcern=WriteConcern{w=null, wTimeout=null ms, journal=null}, retryWrites=true, retryReads=true, readConcern=ReadConcern{level=null}, credential=null, transportSettings=NettyTransportSettings{eventLoopGroup=io.netty.channel.nio.NioEventLoopGroup@1d1b3620, socketChannelClass=null, allocator=null, sslContext=null}, commandListeners=[], codecRegistry=ProvidersCodecRegistry{codecProviders=[ValueCodecProvider{}, BsonValueCodecProvider{}, DBRefCodecProvider{}, DBObjectCodecProvider{}, DocumentCodecProvider{}, CollectionCodecProvider{}, IterableCodecProvider{}, MapCodecProvider{}, GeoJsonCodecProvider{}, GridFSFileCodecProvider{}, Jsr310CodecProvider{}, JsonObjectCodecProvider{}, BsonCodecProvider{}, EnumCodecProvider{}, com.mongodb.client.model.mql.ExpressionCodecProvider@71e7c13f, com.mongodb.Jep395RecordCodecProvider@2295566b, com.mongodb.KotlinCodecProvider@174e1b99]}, loggerSettings=LoggerSettings{maxDocumentLength=1000}, clusterSettings={hosts=[localhost:27017], srvServiceName=mongodb, mode=SINGLE, requiredClusterType=UNKNOWN, requiredReplicaSetName='null', serverSelector='null', clusterListeners='[]', serverSelectionTimeout='30000 ms', localThreshold='15 ms'}, socketSettings=SocketSettings{connectTimeoutMS=10000, readTimeoutMS=0, receiveBufferSize=0, proxySettings=ProxySettings{host=null, port=null, username=null, password=null}}, heartbeatSocketSettings=SocketSettings{connectTimeoutMS=10000, readTimeoutMS=10000, receiveBufferSize=0, proxySettings=ProxySettings{host=null, port=null, username=null, password=null}}, connectionPoolSettings=ConnectionPoolSettings{maxSize=100, minSize=0, maxWaitTimeMS=120000, maxConnectionLifeTimeMS=0, maxConnectionIdleTimeMS=0, maintenanceInitialDelayMS=0, maintenanceFrequencyMS=60000, connectionPoolListeners=[], maxConnecting=2}, serverSettings=ServerSettings{heartbeatFrequencyMS=10000, minHeartbeatFrequencyMS=500, serverMonitoringMode=AUTO, serverListeners='[]', serverMonitorListeners='[]'}, sslSettings=SslSettings{enabled=false, invalidHostNameAllowed=false, context=null}, applicationName='null', compressorList=[], uuidRepresentation=JAVA_LEGACY, serverApi=null, autoEncryptionSettings=null, dnsClient=null, inetAddressResolver=null, contextProvider=null, timeoutMS=null}
2025-07-17 14:35:05 INFO  org.mongodb.driver.cluster [71] - Monitor thread successfully connected to server with description ServerDescription{address=localhost:27017, type=STANDALONE, cryptd=false, state=CONNECTED, ok=true, minWireVersion=0, maxWireVersion=21, maxDocumentSize=16777216, logicalSessionTimeoutMinutes=30, roundTripTimeNanos=53366500, minRoundTripTimeNanos=0}
2025-07-17 14:35:06 INFO  o.s.b.w.e.netty.NettyWebServer [126] - Netty started on port 8081 (http)
2025-07-17 14:35:06 INFO  c.m.MarciComentariosFacebookApplication [59] - Started MarciComentariosFacebookApplication in 7.832 seconds (process running for 8.961)
2025-07-17 14:38:52 INFO  o.s.b.w.e.netty.GracefulShutdown [53] - Commencing graceful shutdown. Waiting for active requests to complete
2025-07-17 14:38:52 INFO  o.s.b.w.e.netty.GracefulShutdown [62] - Graceful shutdown complete
2025-07-17 14:39:04 INFO  o.h.validator.internal.util.Version [21] - HV000001: Hibernate Validator 8.0.1.Final
2025-07-17 14:39:04 INFO  c.m.MarciComentariosFacebookApplication [53] - Starting MarciComentariosFacebookApplication using Java 17.0.11 with PID 17548 (C:\Users\davic\OneDrive\Escritorio\PROYECTOS\TWS2\MARCIMEX\think-service-agent-consenso\lhia-service-agent-consenso\marci-comentarios-facebook\target\classes started by davic in C:\Users\davic\OneDrive\Escritorio\PROYECTOS\TWS2\MARCIMEX\think-service-agent-consenso\lhia-service-agent-consenso\marci-comentarios-facebook)
2025-07-17 14:39:04 INFO  c.m.MarciComentariosFacebookApplication [652] - No active profile set, falling back to 1 default profile: "default"
2025-07-17 14:39:05 INFO  o.s.d.r.c.RepositoryConfigurationDelegate [145] - Bootstrapping Spring Data Reactive MongoDB repositories in DEFAULT mode.
2025-07-17 14:39:05 INFO  o.s.d.r.c.RepositoryConfigurationDelegate [213] - Finished Spring Data repository scanning in 18 ms. Found 0 Reactive MongoDB repository interfaces.
2025-07-17 14:39:05 INFO  c.m.controllers.WebhookController [38] - ⏳ Suscribiendo a la página [763079420215588] al webhook: https://graph.facebook.com/v23.0/763079420215588/subscribed_apps?subscribed_fields=feed&access_token=EAAGjgTK34ZB0BPEB0x4rEmbh3rnBX3xO2ELNvUtUbYM1ZAPLNTQ13pAyrb1OuEZA5rRMyn4TsV3grBivZCr5PdKqqKNZC63lR9NzjiySg6vWCk3Xfek2ylqWTkwqLZCeoD0DLzsJt9inQMK2qdAWZANtpF8ZB5RBw4zyGC76dLqbLmlrUH9rxmmiLtfUa2C2LSeMwxD2bsBCVsN5ldA5JxpUalR2tiffZCKh3FVbtSqZA6sGsZD ...
2025-07-17 14:39:06 ERROR c.m.controllers.WebhookController [52] - ❌ Error al suscribirse: token inválido o expirado. Detalle: {"error":{"message":"Error validating access token: Session has expired on Wednesday, 16-Jul-25 18:00:00 PDT. The current time is Thursday, 17-Jul-25 12:39:06 PDT.","type":"OAuthException","code":190,"error_subcode":463,"fbtrace_id":"A_aGN-Rq5-nWAJjzs-pU4_b"}}
2025-07-17 14:39:07 INFO  org.mongodb.driver.client [71] - MongoClient with metadata {"driver": {"name": "mongo-java-driver|reactive-streams|spring-boot", "version": "5.5.1"}, "os": {"type": "Windows", "name": "Windows 11", "architecture": "amd64", "version": "10.0"}, "platform": "Java/Oracle Corporation/17.0.11+7-LTS-jvmci-23.0-b34"} created with settings MongoClientSettings{readPreference=primary, writeConcern=WriteConcern{w=null, wTimeout=null ms, journal=null}, retryWrites=true, retryReads=true, readConcern=ReadConcern{level=null}, credential=null, transportSettings=NettyTransportSettings{eventLoopGroup=io.netty.channel.nio.NioEventLoopGroup@2c5708e7, socketChannelClass=null, allocator=null, sslContext=null}, commandListeners=[], codecRegistry=ProvidersCodecRegistry{codecProviders=[ValueCodecProvider{}, BsonValueCodecProvider{}, DBRefCodecProvider{}, DBObjectCodecProvider{}, DocumentCodecProvider{}, CollectionCodecProvider{}, IterableCodecProvider{}, MapCodecProvider{}, GeoJsonCodecProvider{}, GridFSFileCodecProvider{}, Jsr310CodecProvider{}, JsonObjectCodecProvider{}, BsonCodecProvider{}, EnumCodecProvider{}, com.mongodb.client.model.mql.ExpressionCodecProvider@4ffa078d, com.mongodb.Jep395RecordCodecProvider@4e26564d, com.mongodb.KotlinCodecProvider@42238078]}, loggerSettings=LoggerSettings{maxDocumentLength=1000}, clusterSettings={hosts=[localhost:27017], srvServiceName=mongodb, mode=SINGLE, requiredClusterType=UNKNOWN, requiredReplicaSetName='null', serverSelector='null', clusterListeners='[]', serverSelectionTimeout='30000 ms', localThreshold='15 ms'}, socketSettings=SocketSettings{connectTimeoutMS=10000, readTimeoutMS=0, receiveBufferSize=0, proxySettings=ProxySettings{host=null, port=null, username=null, password=null}}, heartbeatSocketSettings=SocketSettings{connectTimeoutMS=10000, readTimeoutMS=10000, receiveBufferSize=0, proxySettings=ProxySettings{host=null, port=null, username=null, password=null}}, connectionPoolSettings=ConnectionPoolSettings{maxSize=100, minSize=0, maxWaitTimeMS=120000, maxConnectionLifeTimeMS=0, maxConnectionIdleTimeMS=0, maintenanceInitialDelayMS=0, maintenanceFrequencyMS=60000, connectionPoolListeners=[], maxConnecting=2}, serverSettings=ServerSettings{heartbeatFrequencyMS=10000, minHeartbeatFrequencyMS=500, serverMonitoringMode=AUTO, serverListeners='[]', serverMonitorListeners='[]'}, sslSettings=SslSettings{enabled=false, invalidHostNameAllowed=false, context=null}, applicationName='null', compressorList=[], uuidRepresentation=JAVA_LEGACY, serverApi=null, autoEncryptionSettings=null, dnsClient=null, inetAddressResolver=null, contextProvider=null, timeoutMS=null}
2025-07-17 14:39:07 INFO  org.mongodb.driver.cluster [71] - Monitor thread successfully connected to server with description ServerDescription{address=localhost:27017, type=STANDALONE, cryptd=false, state=CONNECTED, ok=true, minWireVersion=0, maxWireVersion=21, maxDocumentSize=16777216, logicalSessionTimeoutMinutes=30, roundTripTimeNanos=51338400, minRoundTripTimeNanos=0}
2025-07-17 14:39:07 INFO  o.s.b.w.e.netty.NettyWebServer [126] - Netty started on port 8081 (http)
2025-07-17 14:39:07 INFO  c.m.MarciComentariosFacebookApplication [59] - Started MarciComentariosFacebookApplication in 3.683 seconds (process running for 4.373)
2025-07-17 14:39:13 INFO  o.s.b.w.e.netty.GracefulShutdown [53] - Commencing graceful shutdown. Waiting for active requests to complete
2025-07-17 14:39:13 INFO  o.s.b.w.e.netty.GracefulShutdown [62] - Graceful shutdown complete
2025-07-17 14:39:20 INFO  o.h.validator.internal.util.Version [21] - HV000001: Hibernate Validator 8.0.1.Final
2025-07-17 14:39:20 INFO  c.m.MarciComentariosFacebookApplication [53] - Starting MarciComentariosFacebookApplication using Java 17.0.11 with PID 17232 (C:\Users\davic\OneDrive\Escritorio\PROYECTOS\TWS2\MARCIMEX\think-service-agent-consenso\lhia-service-agent-consenso\marci-comentarios-facebook\target\classes started by davic in C:\Users\davic\OneDrive\Escritorio\PROYECTOS\TWS2\MARCIMEX\think-service-agent-consenso\lhia-service-agent-consenso\marci-comentarios-facebook)
2025-07-17 14:39:20 INFO  c.m.MarciComentariosFacebookApplication [652] - No active profile set, falling back to 1 default profile: "default"
2025-07-17 14:39:20 INFO  o.s.d.r.c.RepositoryConfigurationDelegate [145] - Bootstrapping Spring Data Reactive MongoDB repositories in DEFAULT mode.
2025-07-17 14:39:20 INFO  o.s.d.r.c.RepositoryConfigurationDelegate [213] - Finished Spring Data repository scanning in 16 ms. Found 0 Reactive MongoDB repository interfaces.
2025-07-17 14:39:21 INFO  c.m.controllers.WebhookController [38] - ⏳ Suscribiendo a la página [763079420215588] al webhook: https://graph.facebook.com/v23.0/763079420215588/subscribed_apps?subscribed_fields=feed&access_token=EAAGjgTK34ZB0BPEB0x4rEmbh3rnBX3xO2ELNvUtUbYM1ZAPLNTQ13pAyrb1OuEZA5rRMyn4TsV3grBivZCr5PdKqqKNZC63lR9NzjiySg6vWCk3Xfek2ylqWTkwqLZCeoD0DLzsJt9inQMK2qdAWZANtpF8ZB5RBw4zyGC76dLqbLmlrUH9rxmmiLtfUa2C2LSeMwxD2bsBCVsN5ldA5JxpUalR2tiffZCKh3FVbtSqZA6sGsZD ...
2025-07-17 14:39:21 ERROR c.m.controllers.WebhookController [52] - ❌ Error al suscribirse: token inválido o expirado. Detalle: {"error":{"message":"Error validating access token: Session has expired on Wednesday, 16-Jul-25 18:00:00 PDT. The current time is Thursday, 17-Jul-25 12:39:22 PDT.","type":"OAuthException","code":190,"error_subcode":463,"fbtrace_id":"A10WZIpUo68FpBtoJUiEN_U"}}
2025-07-17 14:39:22 INFO  org.mongodb.driver.client [71] - MongoClient with metadata {"driver": {"name": "mongo-java-driver|reactive-streams|spring-boot", "version": "5.5.1"}, "os": {"type": "Windows", "name": "Windows 11", "architecture": "amd64", "version": "10.0"}, "platform": "Java/Oracle Corporation/17.0.11+7-LTS-jvmci-23.0-b34"} created with settings MongoClientSettings{readPreference=primary, writeConcern=WriteConcern{w=null, wTimeout=null ms, journal=null}, retryWrites=true, retryReads=true, readConcern=ReadConcern{level=null}, credential=null, transportSettings=NettyTransportSettings{eventLoopGroup=io.netty.channel.nio.NioEventLoopGroup@e3c36d, socketChannelClass=null, allocator=null, sslContext=null}, commandListeners=[], codecRegistry=ProvidersCodecRegistry{codecProviders=[ValueCodecProvider{}, BsonValueCodecProvider{}, DBRefCodecProvider{}, DBObjectCodecProvider{}, DocumentCodecProvider{}, CollectionCodecProvider{}, IterableCodecProvider{}, MapCodecProvider{}, GeoJsonCodecProvider{}, GridFSFileCodecProvider{}, Jsr310CodecProvider{}, JsonObjectCodecProvider{}, BsonCodecProvider{}, EnumCodecProvider{}, com.mongodb.client.model.mql.ExpressionCodecProvider@397a10df, com.mongodb.Jep395RecordCodecProvider@39a865c1, com.mongodb.KotlinCodecProvider@141dfcf9]}, loggerSettings=LoggerSettings{maxDocumentLength=1000}, clusterSettings={hosts=[localhost:27017], srvServiceName=mongodb, mode=SINGLE, requiredClusterType=UNKNOWN, requiredReplicaSetName='null', serverSelector='null', clusterListeners='[]', serverSelectionTimeout='30000 ms', localThreshold='15 ms'}, socketSettings=SocketSettings{connectTimeoutMS=10000, readTimeoutMS=0, receiveBufferSize=0, proxySettings=ProxySettings{host=null, port=null, username=null, password=null}}, heartbeatSocketSettings=SocketSettings{connectTimeoutMS=10000, readTimeoutMS=10000, receiveBufferSize=0, proxySettings=ProxySettings{host=null, port=null, username=null, password=null}}, connectionPoolSettings=ConnectionPoolSettings{maxSize=100, minSize=0, maxWaitTimeMS=120000, maxConnectionLifeTimeMS=0, maxConnectionIdleTimeMS=0, maintenanceInitialDelayMS=0, maintenanceFrequencyMS=60000, connectionPoolListeners=[], maxConnecting=2}, serverSettings=ServerSettings{heartbeatFrequencyMS=10000, minHeartbeatFrequencyMS=500, serverMonitoringMode=AUTO, serverListeners='[]', serverMonitorListeners='[]'}, sslSettings=SslSettings{enabled=false, invalidHostNameAllowed=false, context=null}, applicationName='null', compressorList=[], uuidRepresentation=JAVA_LEGACY, serverApi=null, autoEncryptionSettings=null, dnsClient=null, inetAddressResolver=null, contextProvider=null, timeoutMS=null}
2025-07-17 14:39:22 INFO  org.mongodb.driver.cluster [71] - Monitor thread successfully connected to server with description ServerDescription{address=localhost:27017, type=STANDALONE, cryptd=false, state=CONNECTED, ok=true, minWireVersion=0, maxWireVersion=21, maxDocumentSize=16777216, logicalSessionTimeoutMinutes=30, roundTripTimeNanos=51919300, minRoundTripTimeNanos=0}
2025-07-17 14:39:23 INFO  o.s.b.w.e.netty.NettyWebServer [126] - Netty started on port 8081 (http)
2025-07-17 14:39:23 INFO  c.m.MarciComentariosFacebookApplication [59] - Started MarciComentariosFacebookApplication in 3.754 seconds (process running for 4.42)
2025-07-17 14:42:49 INFO  c.m.controllers.WebhookController [79] - 📬 Webhook recibido: {entry=[{id=763079420215588, time=1752774831, changes=[{value={from={id=763079420215588, name=Test - TWS2}, post={status_type=mobile_status_update, is_published=true, updated_time=2025-07-17T17:53:47+0000, permalink_url=https://www.facebook.com/permalink.php?story_fbid=pfbid0FBQQK8DaPgd2f4sAPtF7F88oNXcBM3PZL4gg5E7S81WEF3vp7C4aFmYpEo3tfWhXl&id=61578625104468, promotion_status=ineligible, id=763079420215588_122094779084954170}, message=¡Gracias por comentar!, post_id=763079420215588_122094779084954170, comment_id=122094779084954170_746136914569764, created_time=1752774827, item=comment, parent_id=122094779084954170_1639471700069326, verb=add}, field=feed}]}], object=page}
2025-07-17 14:43:30 INFO  o.s.b.w.e.netty.GracefulShutdown [53] - Commencing graceful shutdown. Waiting for active requests to complete
2025-07-17 14:43:30 INFO  o.s.b.w.e.netty.GracefulShutdown [62] - Graceful shutdown complete
2025-07-17 14:43:37 INFO  o.h.validator.internal.util.Version [21] - HV000001: Hibernate Validator 8.0.1.Final
2025-07-17 14:43:37 INFO  c.m.MarciComentariosFacebookApplication [53] - Starting MarciComentariosFacebookApplication using Java 17.0.11 with PID 9644 (C:\Users\davic\OneDrive\Escritorio\PROYECTOS\TWS2\MARCIMEX\think-service-agent-consenso\lhia-service-agent-consenso\marci-comentarios-facebook\target\classes started by davic in C:\Users\davic\OneDrive\Escritorio\PROYECTOS\TWS2\MARCIMEX\think-service-agent-consenso\lhia-service-agent-consenso\marci-comentarios-facebook)
2025-07-17 14:43:37 INFO  c.m.MarciComentariosFacebookApplication [652] - No active profile set, falling back to 1 default profile: "default"
2025-07-17 14:43:37 INFO  o.s.d.r.c.RepositoryConfigurationDelegate [145] - Bootstrapping Spring Data Reactive MongoDB repositories in DEFAULT mode.
2025-07-17 14:43:37 INFO  o.s.d.r.c.RepositoryConfigurationDelegate [213] - Finished Spring Data repository scanning in 19 ms. Found 0 Reactive MongoDB repository interfaces.
2025-07-17 14:43:38 INFO  c.m.controllers.WebhookController [38] - ⏳ Suscribiendo a la página [763079420215588] al webhook: https://graph.facebook.com/v23.0/763079420215588/subscribed_apps?subscribed_fields=feed&access_token=EAAGjgTK34ZB0BPEB0x4rEmbh3rnBX3xO2ELNvUtUbYM1ZAPLNTQ13pAyrb1OuEZA5rRMyn4TsV3grBivZCr5PdKqqKNZC63lR9NzjiySg6vWCk3Xfek2ylqWTkwqLZCeoD0DLzsJt9inQMK2qdAWZANtpF8ZB5RBw4zyGC76dLqbLmlrUH9rxmmiLtfUa2C2LSeMwxD2bsBCVsN5ldA5JxpUalR2tiffZCKh3FVbtSqZA6sGsZD ...
2025-07-17 14:43:39 ERROR c.m.controllers.WebhookController [52] - ❌ Error al suscribirse: token inválido o expirado. Detalle: {"error":{"message":"Error validating access token: Session has expired on Wednesday, 16-Jul-25 18:00:00 PDT. The current time is Thursday, 17-Jul-25 12:43:39 PDT.","type":"OAuthException","code":190,"error_subcode":463,"fbtrace_id":"AmY2_G9qX-Ek3atH18WhucV"}}
2025-07-17 14:43:39 INFO  org.mongodb.driver.client [71] - MongoClient with metadata {"driver": {"name": "mongo-java-driver|reactive-streams|spring-boot", "version": "5.5.1"}, "os": {"type": "Windows", "name": "Windows 11", "architecture": "amd64", "version": "10.0"}, "platform": "Java/Oracle Corporation/17.0.11+7-LTS-jvmci-23.0-b34"} created with settings MongoClientSettings{readPreference=primary, writeConcern=WriteConcern{w=null, wTimeout=null ms, journal=null}, retryWrites=true, retryReads=true, readConcern=ReadConcern{level=null}, credential=null, transportSettings=NettyTransportSettings{eventLoopGroup=io.netty.channel.nio.NioEventLoopGroup@6be8ce1b, socketChannelClass=null, allocator=null, sslContext=null}, commandListeners=[], codecRegistry=ProvidersCodecRegistry{codecProviders=[ValueCodecProvider{}, BsonValueCodecProvider{}, DBRefCodecProvider{}, DBObjectCodecProvider{}, DocumentCodecProvider{}, CollectionCodecProvider{}, IterableCodecProvider{}, MapCodecProvider{}, GeoJsonCodecProvider{}, GridFSFileCodecProvider{}, Jsr310CodecProvider{}, JsonObjectCodecProvider{}, BsonCodecProvider{}, EnumCodecProvider{}, com.mongodb.client.model.mql.ExpressionCodecProvider@e3c36d, com.mongodb.Jep395RecordCodecProvider@397a10df, com.mongodb.KotlinCodecProvider@39a865c1]}, loggerSettings=LoggerSettings{maxDocumentLength=1000}, clusterSettings={hosts=[localhost:27017], srvServiceName=mongodb, mode=SINGLE, requiredClusterType=UNKNOWN, requiredReplicaSetName='null', serverSelector='null', clusterListeners='[]', serverSelectionTimeout='30000 ms', localThreshold='15 ms'}, socketSettings=SocketSettings{connectTimeoutMS=10000, readTimeoutMS=0, receiveBufferSize=0, proxySettings=ProxySettings{host=null, port=null, username=null, password=null}}, heartbeatSocketSettings=SocketSettings{connectTimeoutMS=10000, readTimeoutMS=10000, receiveBufferSize=0, proxySettings=ProxySettings{host=null, port=null, username=null, password=null}}, connectionPoolSettings=ConnectionPoolSettings{maxSize=100, minSize=0, maxWaitTimeMS=120000, maxConnectionLifeTimeMS=0, maxConnectionIdleTimeMS=0, maintenanceInitialDelayMS=0, maintenanceFrequencyMS=60000, connectionPoolListeners=[], maxConnecting=2}, serverSettings=ServerSettings{heartbeatFrequencyMS=10000, minHeartbeatFrequencyMS=500, serverMonitoringMode=AUTO, serverListeners='[]', serverMonitorListeners='[]'}, sslSettings=SslSettings{enabled=false, invalidHostNameAllowed=false, context=null}, applicationName='null', compressorList=[], uuidRepresentation=JAVA_LEGACY, serverApi=null, autoEncryptionSettings=null, dnsClient=null, inetAddressResolver=null, contextProvider=null, timeoutMS=null}
2025-07-17 14:43:40 INFO  org.mongodb.driver.cluster [71] - Monitor thread successfully connected to server with description ServerDescription{address=localhost:27017, type=STANDALONE, cryptd=false, state=CONNECTED, ok=true, minWireVersion=0, maxWireVersion=21, maxDocumentSize=16777216, logicalSessionTimeoutMinutes=30, roundTripTimeNanos=48996300, minRoundTripTimeNanos=0}
2025-07-17 14:43:40 INFO  o.s.b.w.e.netty.NettyWebServer [126] - Netty started on port 8081 (http)
2025-07-17 14:43:40 INFO  c.m.MarciComentariosFacebookApplication [59] - Started MarciComentariosFacebookApplication in 3.745 seconds (process running for 4.442)
2025-07-17 15:06:31 INFO  c.m.controllers.WebhookController [79] - 📬 Webhook recibido: {entry=[{id=763079420215588, time=1752776279, changes=[{value={from={id=763079420215588, name=Test - TWS2}, post={status_type=mobile_status_update, is_published=true, updated_time=2025-07-17T18:17:54+0000, permalink_url=https://www.facebook.com/permalink.php?story_fbid=pfbid0FBQQK8DaPgd2f4sAPtF7F88oNXcBM3PZL4gg5E7S81WEF3vp7C4aFmYpEo3tfWhXl&id=61578625104468, promotion_status=ineligible, id=763079420215588_122094779084954170}, message=¡OTRO COMENTARIO, post_id=763079420215588_122094779084954170, comment_id=122094779084954170_1053956516845506, created_time=1752776274, item=comment, parent_id=763079420215588_122094779084954170, verb=add}, field=feed}]}], object=page}
2025-07-17 15:10:06 INFO  c.m.controllers.WebhookController [79] - 📬 Webhook recibido: {entry=[{id=763079420215588, time=1752776494, changes=[{value={from={id=763079420215588, name=Test - TWS2}, post={status_type=mobile_status_update, is_published=true, updated_time=2025-07-17T18:21:30+0000, permalink_url=https://www.facebook.com/permalink.php?story_fbid=pfbid0FBQQK8DaPgd2f4sAPtF7F88oNXcBM3PZL4gg5E7S81WEF3vp7C4aFmYpEo3tfWhXl&id=61578625104468, promotion_status=ineligible, id=763079420215588_122094779084954170}, message=¡OTRO COMENTARIO, post_id=763079420215588_122094779084954170, comment_id=122094779084954170_24337724985868836, created_time=1752776490, item=comment, parent_id=763079420215588_122094779084954170, verb=add}, field=feed}]}], object=page}
2025-07-17 15:19:39 INFO  o.s.b.w.e.netty.GracefulShutdown [53] - Commencing graceful shutdown. Waiting for active requests to complete
2025-07-17 15:19:39 INFO  o.s.b.w.e.netty.GracefulShutdown [62] - Graceful shutdown complete
2025-07-17 15:19:49 INFO  o.h.validator.internal.util.Version [21] - HV000001: Hibernate Validator 8.0.1.Final
2025-07-17 15:19:49 INFO  c.m.MarciComentariosFacebookApplication [53] - Starting MarciComentariosFacebookApplication using Java 17.0.11 with PID 25384 (C:\Users\davic\OneDrive\Escritorio\PROYECTOS\TWS2\MARCIMEX\think-service-agent-consenso\lhia-service-agent-consenso\marci-comentarios-facebook\target\classes started by davic in C:\Users\davic\OneDrive\Escritorio\PROYECTOS\TWS2\MARCIMEX\think-service-agent-consenso\lhia-service-agent-consenso\marci-comentarios-facebook)
2025-07-17 15:19:49 INFO  c.m.MarciComentariosFacebookApplication [652] - No active profile set, falling back to 1 default profile: "default"
2025-07-17 15:19:50 INFO  o.s.d.r.c.RepositoryConfigurationDelegate [145] - Bootstrapping Spring Data Reactive MongoDB repositories in DEFAULT mode.
2025-07-17 15:19:50 INFO  o.s.d.r.c.RepositoryConfigurationDelegate [213] - Finished Spring Data repository scanning in 18 ms. Found 0 Reactive MongoDB repository interfaces.
2025-07-17 15:19:50 INFO  c.m.controllers.WebhookController [38] - ⏳ Suscribiendo a la página [763079420215588] al webhook: https://graph.facebook.com/v23.0/763079420215588/subscribed_apps?subscribed_fields=feed&access_token=EAAGjgTK34ZB0BPEQlVPYvsj9BnIlGAMrpCPcCyA5CTA8437l9bpWZA4aQ5R23u3GrtnVWSO6ANsQSD2KuUp4l6fBfmysYr1LuRfrqJDdk4YVoaWiSZAk3370DowRJFlAwS9PCe0ZAH9x3NEZC1YFQnA3A7LSj4CK0n6Ci6v5Ll07TSK27vLZCCsK1Ko77rzjgFLGjG6LnVds0UZCEcqQ3xCr8gRUY7S2XB1iOaN ...
2025-07-17 15:19:51 ERROR c.m.controllers.WebhookController [54] - ❌ Error HTTP al suscribirse: 403 FORBIDDEN
org.springframework.web.client.HttpClientErrorException$Forbidden: 403 Forbidden on POST request for "https://graph.facebook.com/v23.0/763079420215588/subscribed_apps": "{"error":{"message":"(#210) A page access token is required to request this resource.","type":"OAuthException","code":210,"fbtrace_id":"A_2q2fWfcwGw0y_PgbbR5Om"}}"
	at org.springframework.web.client.HttpClientErrorException.create(HttpClientErrorException.java:109)
	at org.springframework.web.client.DefaultResponseErrorHandler.handleError(DefaultResponseErrorHandler.java:186)
	at org.springframework.web.client.DefaultResponseErrorHandler.handleError(DefaultResponseErrorHandler.java:147)
	at org.springframework.web.client.RestTemplate.handleResponse(RestTemplate.java:953)
	at org.springframework.web.client.RestTemplate.doExecute(RestTemplate.java:902)
	at org.springframework.web.client.RestTemplate.execute(RestTemplate.java:801)
	at org.springframework.web.client.RestTemplate.exchange(RestTemplate.java:683)
	at com.marcicomentariosfacebook.controllers.WebhookController.subscribeWebhook(WebhookController.java:46)
	at java.base/jdk.internal.reflect.NativeMethodAccessorImpl.invoke0(Native Method)
	at java.base/jdk.internal.reflect.NativeMethodAccessorImpl.invoke(NativeMethodAccessorImpl.java:77)
	at java.base/jdk.internal.reflect.DelegatingMethodAccessorImpl.invoke(DelegatingMethodAccessorImpl.java:43)
	at java.base/java.lang.reflect.Method.invoke(Method.java:568)
	at org.springframework.beans.factory.annotation.InitDestroyAnnotationBeanPostProcessor$LifecycleMethod.invoke(InitDestroyAnnotationBeanPostProcessor.java:457)
	at org.springframework.beans.factory.annotation.InitDestroyAnnotationBeanPostProcessor$LifecycleMetadata.invokeInitMethods(InitDestroyAnnotationBeanPostProcessor.java:401)
	at org.springframework.beans.factory.annotation.InitDestroyAnnotationBeanPostProcessor.postProcessBeforeInitialization(InitDestroyAnnotationBeanPostProcessor.java:219)
	at org.springframework.beans.factory.support.AbstractAutowireCapableBeanFactory.applyBeanPostProcessorsBeforeInitialization(AbstractAutowireCapableBeanFactory.java:429)
	at org.springframework.beans.factory.support.AbstractAutowireCapableBeanFactory.initializeBean(AbstractAutowireCapableBeanFactory.java:1818)
	at org.springframework.beans.factory.support.AbstractAutowireCapableBeanFactory.doCreateBean(AbstractAutowireCapableBeanFactory.java:607)
	at org.springframework.beans.factory.support.AbstractAutowireCapableBeanFactory.createBean(AbstractAutowireCapableBeanFactory.java:529)
	at org.springframework.beans.factory.support.AbstractBeanFactory.lambda$doGetBean$0(AbstractBeanFactory.java:339)
	at org.springframework.beans.factory.support.DefaultSingletonBeanRegistry.getSingleton(DefaultSingletonBeanRegistry.java:373)
	at org.springframework.beans.factory.support.AbstractBeanFactory.doGetBean(AbstractBeanFactory.java:337)
	at org.springframework.beans.factory.support.AbstractBeanFactory.getBean(AbstractBeanFactory.java:202)
	at org.springframework.beans.factory.support.DefaultListableBeanFactory.instantiateSingleton(DefaultListableBeanFactory.java:1222)
	at org.springframework.beans.factory.support.DefaultListableBeanFactory.preInstantiateSingleton(DefaultListableBeanFactory.java:1188)
	at org.springframework.beans.factory.support.DefaultListableBeanFactory.preInstantiateSingletons(DefaultListableBeanFactory.java:1123)
	at org.springframework.context.support.AbstractApplicationContext.finishBeanFactoryInitialization(AbstractApplicationContext.java:987)
	at org.springframework.context.support.AbstractApplicationContext.refresh(AbstractApplicationContext.java:627)
	at org.springframework.boot.web.reactive.context.ReactiveWebServerApplicationContext.refresh(ReactiveWebServerApplicationContext.java:66)
	at org.springframework.boot.SpringApplication.refresh(SpringApplication.java:752)
	at org.springframework.boot.SpringApplication.refreshContext(SpringApplication.java:439)
	at org.springframework.boot.SpringApplication.run(SpringApplication.java:318)
	at org.springframework.boot.SpringApplication.run(SpringApplication.java:1361)
	at org.springframework.boot.SpringApplication.run(SpringApplication.java:1350)
	at com.marcicomentariosfacebook.MarciComentariosFacebookApplication.main(MarciComentariosFacebookApplication.java:10)
2025-07-17 15:19:52 INFO  org.mongodb.driver.client [71] - MongoClient with metadata {"driver": {"name": "mongo-java-driver|reactive-streams|spring-boot", "version": "5.5.1"}, "os": {"type": "Windows", "name": "Windows 11", "architecture": "amd64", "version": "10.0"}, "platform": "Java/Oracle Corporation/17.0.11+7-LTS-jvmci-23.0-b34"} created with settings MongoClientSettings{readPreference=primary, writeConcern=WriteConcern{w=null, wTimeout=null ms, journal=null}, retryWrites=true, retryReads=true, readConcern=ReadConcern{level=null}, credential=null, transportSettings=NettyTransportSettings{eventLoopGroup=io.netty.channel.nio.NioEventLoopGroup@7286827b, socketChannelClass=null, allocator=null, sslContext=null}, commandListeners=[], codecRegistry=ProvidersCodecRegistry{codecProviders=[ValueCodecProvider{}, BsonValueCodecProvider{}, DBRefCodecProvider{}, DBObjectCodecProvider{}, DocumentCodecProvider{}, CollectionCodecProvider{}, IterableCodecProvider{}, MapCodecProvider{}, GeoJsonCodecProvider{}, GridFSFileCodecProvider{}, Jsr310CodecProvider{}, JsonObjectCodecProvider{}, BsonCodecProvider{}, EnumCodecProvider{}, com.mongodb.client.model.mql.ExpressionCodecProvider@1dd64243, com.mongodb.Jep395RecordCodecProvider@2ef913a4, com.mongodb.KotlinCodecProvider@520c3dcb]}, loggerSettings=LoggerSettings{maxDocumentLength=1000}, clusterSettings={hosts=[localhost:27017], srvServiceName=mongodb, mode=SINGLE, requiredClusterType=UNKNOWN, requiredReplicaSetName='null', serverSelector='null', clusterListeners='[]', serverSelectionTimeout='30000 ms', localThreshold='15 ms'}, socketSettings=SocketSettings{connectTimeoutMS=10000, readTimeoutMS=0, receiveBufferSize=0, proxySettings=ProxySettings{host=null, port=null, username=null, password=null}}, heartbeatSocketSettings=SocketSettings{connectTimeoutMS=10000, readTimeoutMS=10000, receiveBufferSize=0, proxySettings=ProxySettings{host=null, port=null, username=null, password=null}}, connectionPoolSettings=ConnectionPoolSettings{maxSize=100, minSize=0, maxWaitTimeMS=120000, maxConnectionLifeTimeMS=0, maxConnectionIdleTimeMS=0, maintenanceInitialDelayMS=0, maintenanceFrequencyMS=60000, connectionPoolListeners=[], maxConnecting=2}, serverSettings=ServerSettings{heartbeatFrequencyMS=10000, minHeartbeatFrequencyMS=500, serverMonitoringMode=AUTO, serverListeners='[]', serverMonitorListeners='[]'}, sslSettings=SslSettings{enabled=false, invalidHostNameAllowed=false, context=null}, applicationName='null', compressorList=[], uuidRepresentation=JAVA_LEGACY, serverApi=null, autoEncryptionSettings=null, dnsClient=null, inetAddressResolver=null, contextProvider=null, timeoutMS=null}
2025-07-17 15:19:52 INFO  org.mongodb.driver.cluster [71] - Monitor thread successfully connected to server with description ServerDescription{address=localhost:27017, type=STANDALONE, cryptd=false, state=CONNECTED, ok=true, minWireVersion=0, maxWireVersion=21, maxDocumentSize=16777216, logicalSessionTimeoutMinutes=30, roundTripTimeNanos=51541500, minRoundTripTimeNanos=0}
2025-07-17 15:19:52 INFO  o.s.b.w.e.netty.NettyWebServer [126] - Netty started on port 8081 (http)
2025-07-17 15:19:52 INFO  c.m.MarciComentariosFacebookApplication [59] - Started MarciComentariosFacebookApplication in 4.036 seconds (process running for 4.68)
2025-07-17 15:22:46 INFO  o.s.b.w.e.netty.GracefulShutdown [53] - Commencing graceful shutdown. Waiting for active requests to complete
2025-07-17 15:22:46 INFO  o.s.b.w.e.netty.GracefulShutdown [62] - Graceful shutdown complete
2025-07-17 15:22:53 INFO  o.h.validator.internal.util.Version [21] - HV000001: Hibernate Validator 8.0.1.Final
2025-07-17 15:22:53 INFO  c.m.MarciComentariosFacebookApplication [53] - Starting MarciComentariosFacebookApplication using Java 17.0.11 with PID 15472 (C:\Users\davic\OneDrive\Escritorio\PROYECTOS\TWS2\MARCIMEX\think-service-agent-consenso\lhia-service-agent-consenso\marci-comentarios-facebook\target\classes started by davic in C:\Users\davic\OneDrive\Escritorio\PROYECTOS\TWS2\MARCIMEX\think-service-agent-consenso\lhia-service-agent-consenso\marci-comentarios-facebook)
2025-07-17 15:22:53 INFO  c.m.MarciComentariosFacebookApplication [652] - No active profile set, falling back to 1 default profile: "default"
2025-07-17 15:22:54 INFO  o.s.d.r.c.RepositoryConfigurationDelegate [145] - Bootstrapping Spring Data Reactive MongoDB repositories in DEFAULT mode.
2025-07-17 15:22:54 INFO  o.s.d.r.c.RepositoryConfigurationDelegate [213] - Finished Spring Data repository scanning in 17 ms. Found 0 Reactive MongoDB repository interfaces.
2025-07-17 15:22:54 INFO  c.m.controllers.WebhookController [38] - ⏳ Suscribiendo a la página [763079420215588] al webhook: https://graph.facebook.com/v23.0/763079420215588/subscribed_apps?subscribed_fields=feed&access_token=EAAGjgTK34ZB0BPN3sNofltymzZCctJr8v69uKDjxf9YBjOYGeVpkS83Hh7egGXmHS7tlN0x4IILNZAD7w7vvjf4HILkWcRZAjE9gyvGZBKPghlFR38LsDYBTE8HmRBdZCbpWTYZAdWYm2b1f4ZCyvjcoic6G4vZCOn1cflXjy8dUkBvg7y1NJSRT3cm3DLRDh9RzdQErYVigFPHK9EbGRYIFPzhotGxEU6oRDOJo0XH4K6iAgj3MZD ...
2025-07-17 15:22:55 INFO  c.m.controllers.WebhookController [48] - ✅ Suscripción completada exitosamente para la página [763079420215588]. Respuesta: {"success":true}
2025-07-17 15:22:56 INFO  org.mongodb.driver.client [71] - MongoClient with metadata {"driver": {"name": "mongo-java-driver|reactive-streams|spring-boot", "version": "5.5.1"}, "os": {"type": "Windows", "name": "Windows 11", "architecture": "amd64", "version": "10.0"}, "platform": "Java/Oracle Corporation/17.0.11+7-LTS-jvmci-23.0-b34"} created with settings MongoClientSettings{readPreference=primary, writeConcern=WriteConcern{w=null, wTimeout=null ms, journal=null}, retryWrites=true, retryReads=true, readConcern=ReadConcern{level=null}, credential=null, transportSettings=NettyTransportSettings{eventLoopGroup=io.netty.channel.nio.NioEventLoopGroup@4946485c, socketChannelClass=null, allocator=null, sslContext=null}, commandListeners=[], codecRegistry=ProvidersCodecRegistry{codecProviders=[ValueCodecProvider{}, BsonValueCodecProvider{}, DBRefCodecProvider{}, DBObjectCodecProvider{}, DocumentCodecProvider{}, CollectionCodecProvider{}, IterableCodecProvider{}, MapCodecProvider{}, GeoJsonCodecProvider{}, GridFSFileCodecProvider{}, Jsr310CodecProvider{}, JsonObjectCodecProvider{}, BsonCodecProvider{}, EnumCodecProvider{}, com.mongodb.client.model.mql.ExpressionCodecProvider@4ae958b0, com.mongodb.Jep395RecordCodecProvider@7c682e26, com.mongodb.KotlinCodecProvider@4ff074a0]}, loggerSettings=LoggerSettings{maxDocumentLength=1000}, clusterSettings={hosts=[localhost:27017], srvServiceName=mongodb, mode=SINGLE, requiredClusterType=UNKNOWN, requiredReplicaSetName='null', serverSelector='null', clusterListeners='[]', serverSelectionTimeout='30000 ms', localThreshold='15 ms'}, socketSettings=SocketSettings{connectTimeoutMS=10000, readTimeoutMS=0, receiveBufferSize=0, proxySettings=ProxySettings{host=null, port=null, username=null, password=null}}, heartbeatSocketSettings=SocketSettings{connectTimeoutMS=10000, readTimeoutMS=10000, receiveBufferSize=0, proxySettings=ProxySettings{host=null, port=null, username=null, password=null}}, connectionPoolSettings=ConnectionPoolSettings{maxSize=100, minSize=0, maxWaitTimeMS=120000, maxConnectionLifeTimeMS=0, maxConnectionIdleTimeMS=0, maintenanceInitialDelayMS=0, maintenanceFrequencyMS=60000, connectionPoolListeners=[], maxConnecting=2}, serverSettings=ServerSettings{heartbeatFrequencyMS=10000, minHeartbeatFrequencyMS=500, serverMonitoringMode=AUTO, serverListeners='[]', serverMonitorListeners='[]'}, sslSettings=SslSettings{enabled=false, invalidHostNameAllowed=false, context=null}, applicationName='null', compressorList=[], uuidRepresentation=JAVA_LEGACY, serverApi=null, autoEncryptionSettings=null, dnsClient=null, inetAddressResolver=null, contextProvider=null, timeoutMS=null}
2025-07-17 15:22:56 INFO  org.mongodb.driver.cluster [71] - Monitor thread successfully connected to server with description ServerDescription{address=localhost:27017, type=STANDALONE, cryptd=false, state=CONNECTED, ok=true, minWireVersion=0, maxWireVersion=21, maxDocumentSize=16777216, logicalSessionTimeoutMinutes=30, roundTripTimeNanos=52185700, minRoundTripTimeNanos=0}
2025-07-17 15:22:57 INFO  o.s.b.w.e.netty.NettyWebServer [126] - Netty started on port 8081 (http)
2025-07-17 15:22:57 INFO  c.m.MarciComentariosFacebookApplication [59] - Started MarciComentariosFacebookApplication in 4.278 seconds (process running for 4.928)
2025-07-17 15:25:06 INFO  c.m.controllers.WebhookController [79] - 📬 Webhook recibido: {entry=[{id=763079420215588, time=1752783905, changes=[{value={from={id=9857935820998879, name=David Guambaña}, post={status_type=mobile_status_update, is_published=true, updated_time=2025-07-17T20:25:02+0000, permalink_url=https://www.facebook.com/122094775412954170/posts/pfbid0FBQQK8DaPgd2f4sAPtF7F88oNXcBM3PZL4gg5E7S81WEF3vp7C4aFmYpEo3tfWhXl, promotion_status=ineligible, id=763079420215588_122094779084954170}, message=Hola, post_id=763079420215588_122094779084954170, comment_id=122094779084954170_1996613321145121, created_time=1752783902, item=comment, parent_id=763079420215588_122094779084954170, verb=add}, field=feed}]}], object=page}
2025-07-17 15:26:45 INFO  c.m.controllers.WebhookController [79] - 📬 Webhook recibido: {entry=[{id=763079420215588, time=1752784004, changes=[{value={from={id=9857935820998879, name=David Guambaña}, post={status_type=mobile_status_update, is_published=true, updated_time=2025-07-17T20:26:40+0000, permalink_url=https://www.facebook.com/122094775412954170/posts/pfbid0FBQQK8DaPgd2f4sAPtF7F88oNXcBM3PZL4gg5E7S81WEF3vp7C4aFmYpEo3tfWhXl, promotion_status=ineligible, id=763079420215588_122094779084954170}, message=Mensaje enviando imagen, photo=https://scontent.fcue3-1.fna.fbcdn.net/v/t39.30808-6/518276743_122113986086934240_6521533040358983831_n.jpg?stp=cp0_dst-jpg_e15_fr_q65_tt6&cstp=mx640x640&ctp=s640x640&_nc_cat=100&cb=64d46a15-019ff64f&ccb=1-7&_nc_sid=5a4fcb&_nc_ohc=d3wOKCuJUMcQ7kNvwFPO6DB&_nc_oc=AdmULvp4Wm077_Xrlt6tJU1da1iVVop6PPpRnSLKHmz6wfuzKM52NWALmScmgjSpc_0&_nc_ad=z-m&_nc_cid=0&_nc_zt=23&_nc_ht=scontent.fcue3-1.fna&oh=00_AfQ4ILrano23eh8fYxrxhTjppsjzym3cjqlSEP7sOVLzlQ&oe=687F4274, post_id=763079420215588_122094779084954170, comment_id=122094779084954170_944008654517671, created_time=1752784000, item=comment, parent_id=763079420215588_122094779084954170, verb=add}, field=feed}]}], object=page}
2025-07-17 15:27:31 INFO  c.m.controllers.WebhookController [79] - 📬 Webhook recibido: {entry=[{id=763079420215588, time=1752784050, changes=[{value={from={id=9857935820998879, name=David Guambaña}, post={status_type=mobile_status_update, is_published=true, updated_time=2025-07-17T20:27:27+0000, permalink_url=https://www.facebook.com/122094775412954170/posts/pfbid0FBQQK8DaPgd2f4sAPtF7F88oNXcBM3PZL4gg5E7S81WEF3vp7C4aFmYpEo3tfWhXl, promotion_status=ineligible, id=763079420215588_122094779084954170}, message=Mensaje enviando gif, post_id=763079420215588_122094779084954170, comment_id=122094779084954170_744367138002411, created_time=1752784047, item=comment, parent_id=763079420215588_122094779084954170, verb=add}, field=feed}]}], object=page}
2025-07-17 15:27:46 INFO  c.m.controllers.WebhookController [79] - 📬 Webhook recibido: {entry=[{id=763079420215588, time=1752784066, changes=[{value={from={id=9857935820998879, name=David Guambaña}, post={status_type=mobile_status_update, is_published=true, updated_time=2025-07-17T20:27:43+0000, permalink_url=https://www.facebook.com/122094775412954170/posts/pfbid0FBQQK8DaPgd2f4sAPtF7F88oNXcBM3PZL4gg5E7S81WEF3vp7C4aFmYpEo3tfWhXl, promotion_status=ineligible, id=763079420215588_122094779084954170}, message=Mensaje enviando emoji, post_id=763079420215588_122094779084954170, comment_id=122094779084954170_1428384571620891, created_time=1752784063, item=comment, parent_id=763079420215588_122094779084954170, verb=add}, field=feed}]}], object=page}
2025-07-17 15:33:34 INFO  c.m.controllers.WebhookController [79] - 📬 Webhook recibido: {entry=[{id=763079420215588, time=1752784413, changes=[{value={from={id=9857935820998879, name=David Guambaña}, post={status_type=mobile_status_update, is_published=true, updated_time=2025-07-17T20:33:30+0000, permalink_url=https://www.facebook.com/122094775412954170/posts/pfbid0FBQQK8DaPgd2f4sAPtF7F88oNXcBM3PZL4gg5E7S81WEF3vp7C4aFmYpEo3tfWhXl, promotion_status=ineligible, id=763079420215588_122094779084954170}, message=Mensaje enviando avatar, post_id=763079420215588_122094779084954170, comment_id=122094779084954170_1090289486606879, created_time=1752784410, item=comment, parent_id=763079420215588_122094779084954170, verb=add}, field=feed}]}], object=page}
2025-07-17 15:46:47 INFO  c.m.controllers.WebhookController [79] - 📬 Webhook recibido: {entry=[{id=763079420215588, time=1752785206, changes=[{value={from={id=763079420215588, name=Test - TWS2}, link=https://scontent.fcue3-1.fna.fbcdn.net/v/t39.30808-6/518270262_122095428020954170_7953594206332217884_n.jpg?stp=cp0_dst-jpg_e15_fr_q65_tt6&cstp=mx640x640&ctp=s640x640&_nc_cat=107&cb=64d46a15-019ff64f&ccb=1-7&_nc_sid=e21142&_nc_ohc=DJAXm_vvRzIQ7kNvwFQKZbk&_nc_oc=Adnhw_9uxMF-Q-xjaNETFQQzkhb4_jjgBgN4EYl_cOkAbNIBQt_jFiA9Av9Nuj0CLXs&_nc_ad=z-m&_nc_cid=0&_nc_zt=23&_nc_ht=scontent.fcue3-1.fna&oh=00_AfSvhCP45vIMHOxXMPXHToXka_C8Hb-J178SWbIXw7uYpw&oe=687F2AFE, post_id=763079420215588_122095428158954170, created_time=1752785198, item=photo, photo_id=122095428014954170, published=1, verb=edited}, field=feed}]}], object=page}
2025-07-17 15:46:47 INFO  c.m.controllers.WebhookController [79] - 📬 Webhook recibido: {entry=[{id=763079420215588, time=1752785206, changes=[{value={from={id=763079420215588, name=Test - TWS2}, message=Publicación #2
👋, photos=[https://scontent.fcue3-1.fna.fbcdn.net/v/t39.30808-6/518270262_122095428020954170_7953594206332217884_n.jpg?stp=cp0_dst-jpg_e15_fr_q65_tt6&cstp=mx640x640&ctp=s640x640&_nc_cat=107&cb=64d46a15-019ff64f&ccb=1-7&_nc_sid=e21142&_nc_ohc=DJAXm_vvRzIQ7kNvwFQKZbk&_nc_oc=Adnhw_9uxMF-Q-xjaNETFQQzkhb4_jjgBgN4EYl_cOkAbNIBQt_jFiA9Av9Nuj0CLXs&_nc_ad=z-m&_nc_cid=0&_nc_zt=23&_nc_ht=scontent.fcue3-1.fna&oh=00_AfSvhCP45vIMHOxXMPXHToXka_C8Hb-J178SWbIXw7uYpw&oe=687F2AFE, https://scontent.fcue3-1.fna.fbcdn.net/v/t39.30808-6/518319679_122095428086954170_4914162640420654935_n.jpg?stp=cp0_dst-jpg_e15_fr_q65_tt6&cstp=mx540x1200&ctp=s540x1200&_nc_cat=108&cb=64d46a15-019ff64f&ccb=1-7&_nc_sid=e21142&_nc_ohc=TD2kZdoMzdYQ7kNvwFQX6JC&_nc_oc=AdmEG60kGh94UoZ0A65q3uloRYVRVRxG_QwqChL1C5VnShOZuZDHMfIGqSF6FQHmBPs&_nc_ad=z-m&_nc_cid=0&_nc_zt=23&_nc_ht=scontent.fcue3-1.fna&oh=00_AfTFviRPDFZx2YYGfYmz77Jih5MbaoIfAwYO-ncHjrlbUQ&oe=687F1B17], post_id=763079420215588_122095428158954170, created_time=1752785202, item=status, published=1, verb=add}, field=feed}]}, {id=763079420215588, time=1752785206, changes=[{value={from={id=763079420215588, name=Test - TWS2}, link=https://scontent.fcue3-1.fna.fbcdn.net/v/t39.30808-6/518319679_122095428086954170_4914162640420654935_n.jpg?stp=cp0_dst-jpg_e15_fr_q65_tt6&cstp=mx540x1200&ctp=s540x1200&_nc_cat=108&cb=64d46a15-019ff64f&ccb=1-7&_nc_sid=e21142&_nc_ohc=TD2kZdoMzdYQ7kNvwFQX6JC&_nc_oc=AdmEG60kGh94UoZ0A65q3uloRYVRVRxG_QwqChL1C5VnShOZuZDHMfIGqSF6FQHmBPs&_nc_ad=z-m&_nc_cid=0&_nc_zt=23&_nc_ht=scontent.fcue3-1.fna&oh=00_AfTFviRPDFZx2YYGfYmz77Jih5MbaoIfAwYO-ncHjrlbUQ&oe=687F1B17, post_id=763079420215588_122095428158954170, created_time=1752785200, item=photo, photo_id=122095428074954170, published=1, verb=edited}, field=feed}]}], object=page}
2025-07-17 15:48:33 INFO  c.m.controllers.WebhookController [79] - 📬 Webhook recibido: {entry=[{id=763079420215588, time=1752785311, changes=[{value={from={id=763079420215588, name=Test - TWS2}, link=https://scontent.fcue3-1.fna.fbcdn.net/v/t39.30808-6/518270262_122095428020954170_7953594206332217884_n.jpg?stp=cp0_dst-jpg_e15_fr_q65_tt6&cstp=mx640x640&ctp=s640x640&_nc_cat=107&cb=64d46a15-019ff64f&ccb=1-7&_nc_sid=e21142&_nc_ohc=DJAXm_vvRzIQ7kNvwFQKZbk&_nc_oc=Adnhw_9uxMF-Q-xjaNETFQQzkhb4_jjgBgN4EYl_cOkAbNIBQt_jFiA9Av9Nuj0CLXs&_nc_ad=z-m&_nc_zrun=1&_nc_ht=scontent.fcue3-1.fna&oh=00_AfTxC06MgKFfP11DQCcycayXrWbSVfUpP4BTT_baxZWWzQ&oe=687F2AFE, post_id=763079420215588_122095428158954170, created_time=1752785198, item=photo, photo_id=122095428014954170, published=1, verb=edited}, field=feed}]}], object=page}
2025-07-17 15:48:33 INFO  c.m.controllers.WebhookController [79] - 📬 Webhook recibido: {entry=[{id=763079420215588, time=1752785311, changes=[{value={from={id=763079420215588, name=Test - TWS2}, link=https://scontent.fcue3-1.fna.fbcdn.net/v/t39.30808-6/518319679_122095428086954170_4914162640420654935_n.jpg?stp=cp0_dst-jpg_e15_fr_q65_tt6&cstp=mx540x1200&ctp=s540x1200&_nc_cat=108&cb=64d46a15-019ff64f&ccb=1-7&_nc_sid=e21142&_nc_ohc=TD2kZdoMzdYQ7kNvwFQX6JC&_nc_oc=AdmEG60kGh94UoZ0A65q3uloRYVRVRxG_QwqChL1C5VnShOZuZDHMfIGqSF6FQHmBPs&_nc_ad=z-m&_nc_zrun=1&_nc_ht=scontent.fcue3-1.fna&oh=00_AfSUzx6R6Mxks_pblmxSEXGAMr56KF9T2JUmfa_4JHA7Ww&oe=687F1B17, post_id=763079420215588_122095428158954170, created_time=1752785200, item=photo, photo_id=122095428074954170, published=1, verb=edited}, field=feed}]}], object=page}
2025-07-17 16:05:53 INFO  o.s.b.w.e.netty.GracefulShutdown [53] - Commencing graceful shutdown. Waiting for active requests to complete
2025-07-17 16:05:53 INFO  o.s.b.w.e.netty.GracefulShutdown [62] - Graceful shutdown complete
2025-07-17 16:06:02 INFO  o.h.validator.internal.util.Version [21] - HV000001: Hibernate Validator 8.0.1.Final
2025-07-17 16:06:02 INFO  c.m.MarciComentariosFacebookApplication [53] - Starting MarciComentariosFacebookApplication using Java 17.0.11 with PID 15852 (C:\Users\davic\OneDrive\Escritorio\PROYECTOS\TWS2\MARCIMEX\think-service-agent-consenso\lhia-service-agent-consenso\marci-comentarios-facebook\target\classes started by davic in C:\Users\davic\OneDrive\Escritorio\PROYECTOS\TWS2\MARCIMEX\think-service-agent-consenso\lhia-service-agent-consenso\marci-comentarios-facebook)
2025-07-17 16:06:02 INFO  c.m.MarciComentariosFacebookApplication [652] - No active profile set, falling back to 1 default profile: "default"
2025-07-17 16:06:03 INFO  o.s.d.r.c.RepositoryConfigurationDelegate [145] - Bootstrapping Spring Data Reactive MongoDB repositories in DEFAULT mode.
2025-07-17 16:06:03 INFO  o.s.d.r.c.RepositoryConfigurationDelegate [213] - Finished Spring Data repository scanning in 17 ms. Found 0 Reactive MongoDB repository interfaces.
2025-07-17 16:06:03 INFO  c.m.controllers.WebhookController [39] - ⏳ Suscribiendo a la página [763079420215588] al webhook: https://graph.facebook.com/v23.0/763079420215588/subscribed_apps?subscribed_fields=feed&access_token=EAAGjgTK34ZB0BPN3sNofltymzZCctJr8v69uKDjxf9YBjOYGeVpkS83Hh7egGXmHS7tlN0x4IILNZAD7w7vvjf4HILkWcRZAjE9gyvGZBKPghlFR38LsDYBTE8HmRBdZCbpWTYZAdWYm2b1f4ZCyvjcoic6G4vZCOn1cflXjy8dUkBvg7y1NJSRT3cm3DLRDh9RzdQErYVigFPHK9EbGRYIFPzhotGxEU6oRDOJo0XH4K6iAgj3MZD ...
2025-07-17 16:06:04 INFO  c.m.controllers.WebhookController [49] - ✅ Suscripción completada exitosamente para la página [763079420215588]. Respuesta: {"success":true}
2025-07-17 16:06:05 INFO  org.mongodb.driver.client [71] - MongoClient with metadata {"driver": {"name": "mongo-java-driver|reactive-streams|spring-boot", "version": "5.5.1"}, "os": {"type": "Windows", "name": "Windows 11", "architecture": "amd64", "version": "10.0"}, "platform": "Java/Oracle Corporation/17.0.11+7-LTS-jvmci-23.0-b34"} created with settings MongoClientSettings{readPreference=primary, writeConcern=WriteConcern{w=null, wTimeout=null ms, journal=null}, retryWrites=true, retryReads=true, readConcern=ReadConcern{level=null}, credential=null, transportSettings=NettyTransportSettings{eventLoopGroup=io.netty.channel.nio.NioEventLoopGroup@3bf01a01, socketChannelClass=null, allocator=null, sslContext=null}, commandListeners=[], codecRegistry=ProvidersCodecRegistry{codecProviders=[ValueCodecProvider{}, BsonValueCodecProvider{}, DBRefCodecProvider{}, DBObjectCodecProvider{}, DocumentCodecProvider{}, CollectionCodecProvider{}, IterableCodecProvider{}, MapCodecProvider{}, GeoJsonCodecProvider{}, GridFSFileCodecProvider{}, Jsr310CodecProvider{}, JsonObjectCodecProvider{}, BsonCodecProvider{}, EnumCodecProvider{}, com.mongodb.client.model.mql.ExpressionCodecProvider@299cab08, com.mongodb.Jep395RecordCodecProvider@6c75e3bc, com.mongodb.KotlinCodecProvider@186f7434]}, loggerSettings=LoggerSettings{maxDocumentLength=1000}, clusterSettings={hosts=[localhost:27017], srvServiceName=mongodb, mode=SINGLE, requiredClusterType=UNKNOWN, requiredReplicaSetName='null', serverSelector='null', clusterListeners='[]', serverSelectionTimeout='30000 ms', localThreshold='15 ms'}, socketSettings=SocketSettings{connectTimeoutMS=10000, readTimeoutMS=0, receiveBufferSize=0, proxySettings=ProxySettings{host=null, port=null, username=null, password=null}}, heartbeatSocketSettings=SocketSettings{connectTimeoutMS=10000, readTimeoutMS=10000, receiveBufferSize=0, proxySettings=ProxySettings{host=null, port=null, username=null, password=null}}, connectionPoolSettings=ConnectionPoolSettings{maxSize=100, minSize=0, maxWaitTimeMS=120000, maxConnectionLifeTimeMS=0, maxConnectionIdleTimeMS=0, maintenanceInitialDelayMS=0, maintenanceFrequencyMS=60000, connectionPoolListeners=[], maxConnecting=2}, serverSettings=ServerSettings{heartbeatFrequencyMS=10000, minHeartbeatFrequencyMS=500, serverMonitoringMode=AUTO, serverListeners='[]', serverMonitorListeners='[]'}, sslSettings=SslSettings{enabled=false, invalidHostNameAllowed=false, context=null}, applicationName='null', compressorList=[], uuidRepresentation=JAVA_LEGACY, serverApi=null, autoEncryptionSettings=null, dnsClient=null, inetAddressResolver=null, contextProvider=null, timeoutMS=null}
2025-07-17 16:06:05 INFO  org.mongodb.driver.cluster [71] - Monitor thread successfully connected to server with description ServerDescription{address=localhost:27017, type=STANDALONE, cryptd=false, state=CONNECTED, ok=true, minWireVersion=0, maxWireVersion=21, maxDocumentSize=16777216, logicalSessionTimeoutMinutes=30, roundTripTimeNanos=45548500, minRoundTripTimeNanos=0}
2025-07-17 16:06:05 INFO  o.s.b.w.e.netty.NettyWebServer [126] - Netty started on port 8081 (http)
2025-07-17 16:06:05 INFO  c.m.MarciComentariosFacebookApplication [59] - Started MarciComentariosFacebookApplication in 3.719 seconds (process running for 4.361)
2025-07-17 16:06:11 INFO  c.m.controllers.WebhookController [80] - 📬 Webhook recibido: WebhookPayload(object=page, entry=[WebhookPayload.Entry(id=763079420215588, time=1752786370, changes=[WebhookPayload.Change(field=feed, value=WebhookPayload.Value(item=photo, verb=edited, post_id=763079420215588_122095428158954170, comment_id=null, parent_id=null, photo_id=122095428074954170, created_time=1752785200, message=null, link=https://scontent.fcue3-1.fna.fbcdn.net/v/t39.30808-6/518319679_122095428086954170_4914162640420654935_n.jpg?stp=cp0_dst-jpg_e15_fr_q65_tt6&cstp=mx540x1200&ctp=s540x1200&_nc_cat=108&cb=64d46a15-019ff64f&ccb=1-7&_nc_sid=e21142&_nc_ohc=TD2kZdoMzdYQ7kNvwFQX6JC&_nc_oc=AdmEG60kGh94UoZ0A65q3uloRYVRVRxG_QwqChL1C5VnShOZuZDHMfIGqSF6FQHmBPs&_nc_ad=z-m&_nc_cid=0&_nc_zt=23&_nc_ht=scontent.fcue3-1.fna&oh=00_AfTx8PB2oY9Ww5uEw1JAjclNfenx8xSdcvT92XHNfH7Bhw&oe=687F5357, published=true, from=WebhookPayload.From(id=763079420215588, name=Test - TWS2), reaction_type=null, photos=null))])])
2025-07-17 16:06:11 INFO  c.m.controllers.WebhookController [90] - 📌 Tipo de evento recibido: photo
2025-07-17 16:06:11 INFO  c.m.controllers.WebhookController [80] - 📬 Webhook recibido: WebhookPayload(object=page, entry=[WebhookPayload.Entry(id=763079420215588, time=1752786370, changes=[WebhookPayload.Change(field=feed, value=WebhookPayload.Value(item=reaction, verb=add, post_id=763079420215588_122095428074954170, comment_id=null, parent_id=24050932524564699_122095428158954170, photo_id=null, created_time=1752786369, message=null, link=null, published=false, from=WebhookPayload.From(id=763079420215588, name=Test - TWS2), reaction_type=like, photos=null))])])
2025-07-17 16:06:11 INFO  c.m.controllers.WebhookController [90] - 📌 Tipo de evento recibido: reaction
2025-07-17 16:12:37 INFO  c.m.controllers.WebhookController [80] - 📬 Webhook recibido: WebhookPayload(object=page, entry=[WebhookPayload.Entry(id=763079420215588, time=1752786756, changes=[WebhookPayload.Change(field=feed, value=WebhookPayload.Value(item=comment, verb=add, post_id=763079420215588_122095428158954170, comment_id=122095428158954170_1949595329189150, parent_id=763079420215588_122095428158954170, photo_id=null, created_time=1752786753, message=null, link=null, published=false, from=WebhookPayload.From(id=763079420215588, name=Test - TWS2), reaction_type=null, photos=null))])])
2025-07-17 16:12:37 INFO  c.m.controllers.WebhookController [90] - 📌 Tipo de evento recibido: comment
2025-07-17 16:13:13 INFO  c.m.controllers.WebhookController [80] - 📬 Webhook recibido: WebhookPayload(object=page, entry=[WebhookPayload.Entry(id=763079420215588, time=1752786792, changes=[WebhookPayload.Change(field=feed, value=WebhookPayload.Value(item=comment, verb=add, post_id=763079420215588_122095428158954170, comment_id=122095428158954170_706149395568608, parent_id=763079420215588_122095428158954170, photo_id=null, created_time=1752786789, message=null, link=null, published=false, from=WebhookPayload.From(id=763079420215588, name=Test - TWS2), reaction_type=null, photos=null))])])
2025-07-17 16:13:13 INFO  c.m.controllers.WebhookController [90] - 📌 Tipo de evento recibido: comment
2025-07-17 16:13:53 INFO  c.m.controllers.WebhookController [80] - 📬 Webhook recibido: WebhookPayload(object=page, entry=[WebhookPayload.Entry(id=763079420215588, time=1752786832, changes=[WebhookPayload.Change(field=feed, value=WebhookPayload.Value(item=reaction, verb=add, post_id=763079420215588_122095428158954170, comment_id=null, parent_id=763079420215588_122095428158954170, photo_id=null, created_time=1752786831, message=null, link=null, published=false, from=WebhookPayload.From(id=763079420215588, name=Test - TWS2), reaction_type=haha, photos=null))])])
2025-07-17 16:13:53 INFO  c.m.controllers.WebhookController [90] - 📌 Tipo de evento recibido: reaction
2025-07-17 16:14:41 INFO  c.m.controllers.WebhookController [80] - 📬 Webhook recibido: WebhookPayload(object=page, entry=[WebhookPayload.Entry(id=763079420215588, time=1752786881, changes=[WebhookPayload.Change(field=feed, value=WebhookPayload.Value(item=photo, verb=edited, post_id=763079420215588_122095445882954170, comment_id=null, parent_id=null, photo_id=122095445882954170, created_time=1752786752, message=null, link=https://scontent.fcue3-1.fna.fbcdn.net/v/t39.30808-6/518314751_122095445888954170_4156953542118300176_n.jpg?stp=cp0_dst-jpg_e15_fr_q65_tt6&cstp=mx640x640&ctp=s640x640&_nc_cat=110&cb=64d46a15-019ff64f&ccb=1-7&_nc_sid=5a4fcb&_nc_ohc=R5GcLCuv-I4Q7kNvwF5NbkF&_nc_oc=AdkxS5OaQFCqrcHerJ1VokE4S2twkUppIcAdwbz2lDZMTs-5d6qJiAOSVSl8MtJ9wN4&_nc_ad=z-m&_nc_zrun=1&_nc_ht=scontent.fcue3-1.fna&oh=00_AfSF9kcCDmzYiMKh1y1MHdSkCdRYdNolQewcNCSSF3tANg&oe=687F53A1, published=true, from=WebhookPayload.From(id=763079420215588, name=Test - TWS2), reaction_type=null, photos=null))])])
2025-07-17 16:14:41 INFO  c.m.controllers.WebhookController [90] - 📌 Tipo de evento recibido: photo
2025-07-17 16:15:16 INFO  c.m.controllers.WebhookController [80] - 📬 Webhook recibido: WebhookPayload(object=page, entry=[WebhookPayload.Entry(id=763079420215588, time=1752786916, changes=[WebhookPayload.Change(field=feed, value=WebhookPayload.Value(item=status, verb=edited, post_id=763079420215588_122095428158954170, comment_id=null, parent_id=null, photo_id=null, created_time=1752785202, message=Publicación #2
👋, link=null, published=true, from=WebhookPayload.From(id=763079420215588, name=Test - TWS2), reaction_type=null, photos=null))])])
2025-07-17 16:15:16 INFO  c.m.controllers.WebhookController [90] - 📌 Tipo de evento recibido: status
2025-07-17 16:16:49 INFO  c.m.controllers.WebhookController [80] - 📬 Webhook recibido: WebhookPayload(object=page, entry=[WebhookPayload.Entry(id=763079420215588, time=1752787008, changes=[WebhookPayload.Change(field=feed, value=WebhookPayload.Value(item=comment, verb=add, post_id=763079420215588_122095428158954170, comment_id=122095428158954170_1272168630932323, parent_id=763079420215588_122095428158954170, photo_id=null, created_time=1752787004, message=Okey, link=null, published=false, from=WebhookPayload.From(id=763079420215588, name=Test - TWS2), reaction_type=null, photos=null))])])
2025-07-17 16:16:49 INFO  c.m.controllers.WebhookController [90] - 📌 Tipo de evento recibido: comment
2025-07-17 16:17:51 INFO  c.m.controllers.WebhookController [80] - 📬 Webhook recibido: WebhookPayload(object=page, entry=[WebhookPayload.Entry(id=763079420215588, time=1752787071, changes=[WebhookPayload.Change(field=feed, value=WebhookPayload.Value(item=comment, verb=edited, post_id=763079420215588_122095428158954170, comment_id=122095428158954170_1272168630932323, parent_id=763079420215588_122095428158954170, photo_id=null, created_time=1752787069, message=Okey editado, link=null, published=false, from=WebhookPayload.From(id=763079420215588, name=Test - TWS2), reaction_type=null, photos=null))])])
2025-07-17 16:17:51 INFO  c.m.controllers.WebhookController [90] - 📌 Tipo de evento recibido: comment
2025-07-17 16:18:39 INFO  c.m.controllers.WebhookController [80] - 📬 Webhook recibido: WebhookPayload(object=page, entry=[WebhookPayload.Entry(id=763079420215588, time=1752787119, changes=[WebhookPayload.Change(field=feed, value=WebhookPayload.Value(item=comment, verb=remove, post_id=763079420215588_122095428158954170, comment_id=122095428158954170_1272168630932323, parent_id=763079420215588_122095428158954170, photo_id=null, created_time=1752787116, message=null, link=null, published=false, from=WebhookPayload.From(id=763079420215588, name=Test - TWS2), reaction_type=null, photos=null))])])
2025-07-17 16:18:39 INFO  c.m.controllers.WebhookController [90] - 📌 Tipo de evento recibido: comment
2025-07-17 16:55:19 INFO  o.s.b.w.e.netty.GracefulShutdown [53] - Commencing graceful shutdown. Waiting for active requests to complete
2025-07-17 16:55:19 INFO  o.s.b.w.e.netty.GracefulShutdown [62] - Graceful shutdown complete
